[    0.000000] Linux version 4.15.0-72-generic (buildd@lcy01-amd64-026) (gcc version 7.4.0 (Ubuntu 7.4.0-1ubuntu1~18.04.1)) #81-Ubuntu SMP Tue Nov 26 12:20:02 UTC 2019 (Ubuntu 4.15.0-72.81-generic 4.15.18)
[    0.000000] Command line: BOOT_IMAGE=/boot/vmlinuz-4.15.0-72-generic root=LABEL=cloudimg-rootfs ro console=tty1 console=ttyS0
[    0.000000] KERNEL supported cpus:
[    0.000000]   Intel GenuineIntel
[    0.000000]   AMD AuthenticAMD
[    0.000000]   Centaur CentaurHauls
[    0.000000] x86/fpu: Supporting XSAVE feature 0x001: 'x87 floating point registers'
[    0.000000] x86/fpu: Supporting XSAVE feature 0x002: 'SSE registers'
[    0.000000] x86/fpu: Supporting XSAVE feature 0x004: 'AVX registers'
[    0.000000] x86/fpu: xstate_offset[2]:  576, xstate_sizes[2]:  256
[    0.000000] x86/fpu: Enabled xstate features 0x7, context size is 832 bytes, using 'standard' format.
[    0.000000] e820: BIOS-provided physical RAM map:
[    0.000000] BIOS-e820: [mem 0x0000000000000000-0x000000000009fbff] usable
[    0.000000] BIOS-e820: [mem 0x000000000009fc00-0x000000000009ffff] reserved
[    0.000000] BIOS-e820: [mem 0x00000000000f0000-0x00000000000fffff] reserved
[    0.000000] BIOS-e820: [mem 0x0000000000100000-0x000000003ffeffff] usable
[    0.000000] BIOS-e820: [mem 0x000000003fff0000-0x000000003fffffff] ACPI data
[    0.000000] BIOS-e820: [mem 0x00000000fec00000-0x00000000fec00fff] reserved
[    0.000000] BIOS-e820: [mem 0x00000000fee00000-0x00000000fee00fff] reserved
[    0.000000] BIOS-e820: [mem 0x00000000fffc0000-0x00000000ffffffff] reserved
[    0.000000] NX (Execute Disable) protection: active
[    0.000000] SMBIOS 2.5 present.
[    0.000000] DMI: innotek GmbH VirtualBox/VirtualBox, BIOS VirtualBox 12/01/2006
[    0.000000] Hypervisor detected: KVM
[    0.000000] e820: last_pfn = 0x3fff0 max_arch_pfn = 0x400000000
[    0.000000] MTRR: Disabled
[    0.000000] x86/PAT: MTRRs disabled, skipping PAT initialization too.
[    0.000000] CPU MTRRs all blank - virtualized system.
[    0.000000] x86/PAT: Configuration [0-7]: WB  WT  UC- UC  WB  WT  UC- UC  
[    0.000000] found SMP MP-table at [mem 0x0009fff0-0x0009ffff]
[    0.000000] Scanning 1 areas for low memory corruption
[    0.000000] RAMDISK: [mem 0x35a6d000-0x36d2dfff]
[    0.000000] ACPI: Early table checksum verification disabled
[    0.000000] ACPI: RSDP 0x00000000000E0000 000024 (v02 VBOX  )
[    0.000000] ACPI: XSDT 0x000000003FFF0030 00003C (v01 VBOX   VBOXXSDT 00000001 ASL  00000061)
[    0.000000] ACPI: FACP 0x000000003FFF00F0 0000F4 (v04 VBOX   VBOXFACP 00000001 ASL  00000061)
[    0.000000] ACPI: DSDT 0x000000003FFF0470 0022EA (v02 VBOX   VBOXBIOS 00000002 INTL 20100528)
[    0.000000] ACPI: FACS 0x000000003FFF0200 000040
[    0.000000] ACPI: FACS 0x000000003FFF0200 000040
[    0.000000] ACPI: APIC 0x000000003FFF0240 00005C (v02 VBOX   VBOXAPIC 00000001 ASL  00000061)
[    0.000000] ACPI: SSDT 0x000000003FFF02A0 0001CC (v01 VBOX   VBOXCPUT 00000002 INTL 20100528)
[    0.000000] No NUMA configuration found
[    0.000000] Faking a node at [mem 0x0000000000000000-0x000000003ffeffff]
[    0.000000] NODE_DATA(0) allocated [mem 0x3ffc5000-0x3ffeffff]
[    0.000000] kvm-clock: cpu 0, msr 0:3ff44001, primary cpu clock
[    0.000000] kvm-clock: Using msrs 4b564d01 and 4b564d00
[    0.000000] kvm-clock: using sched offset of 4727613940 cycles
[    0.000000] clocksource: kvm-clock: mask: 0xffffffffffffffff max_cycles: 0x1cd42e4dffb, max_idle_ns: 881590591483 ns
[    0.000000] Zone ranges:
[    0.000000]   DMA      [mem 0x0000000000001000-0x0000000000ffffff]
[    0.000000]   DMA32    [mem 0x0000000001000000-0x000000003ffeffff]
[    0.000000]   Normal   empty
[    0.000000]   Device   empty
[    0.000000] Movable zone start for each node
[    0.000000] Early memory node ranges
[    0.000000]   node   0: [mem 0x0000000000001000-0x000000000009efff]
[    0.000000]   node   0: [mem 0x0000000000100000-0x000000003ffeffff]
[    0.000000] Reserved but unavailable: 98 pages
[    0.000000] Initmem setup node 0 [mem 0x0000000000001000-0x000000003ffeffff]
[    0.000000] ACPI: PM-Timer IO Port: 0x4008
[    0.000000] IOAPIC[0]: apic_id 2, version 32, address 0xfec00000, GSI 0-23
[    0.000000] ACPI: INT_SRC_OVR (bus 0 bus_irq 0 global_irq 2 dfl dfl)
[    0.000000] ACPI: INT_SRC_OVR (bus 0 bus_irq 9 global_irq 9 low level)
[    0.000000] Using ACPI (MADT) for SMP configuration information
[    0.000000] smpboot: Allowing 2 CPUs, 0 hotplug CPUs
[    0.000000] PM: Registered nosave memory: [mem 0x00000000-0x00000fff]
[    0.000000] PM: Registered nosave memory: [mem 0x0009f000-0x0009ffff]
[    0.000000] PM: Registered nosave memory: [mem 0x000a0000-0x000effff]
[    0.000000] PM: Registered nosave memory: [mem 0x000f0000-0x000fffff]
[    0.000000] e820: [mem 0x40000000-0xfebfffff] available for PCI devices
[    0.000000] Booting paravirtualized kernel on KVM
[    0.000000] clocksource: refined-jiffies: mask: 0xffffffff max_cycles: 0xffffffff, max_idle_ns: 7645519600211568 ns
[    0.000000] random: get_random_bytes called from start_kernel+0x99/0x4fd with crng_init=0
[    0.000000] setup_percpu: NR_CPUS:8192 nr_cpumask_bits:2 nr_cpu_ids:2 nr_node_ids:1
[    0.000000] percpu: Embedded 45 pages/cpu s147456 r8192 d28672 u1048576
[    0.000000] PV qspinlock hash table entries: 256 (order: 0, 4096 bytes)
[    0.000000] Built 1 zonelists, mobility grouping on.  Total pages: 257913
[    0.000000] Policy zone: DMA32
[    0.000000] Kernel command line: BOOT_IMAGE=/boot/vmlinuz-4.15.0-72-generic root=LABEL=cloudimg-rootfs ro console=tty1 console=ttyS0
[    0.000000] Memory: 983392K/1048120K available (12300K kernel code, 2481K rwdata, 4264K rodata, 2428K init, 2388K bss, 64728K reserved, 0K cma-reserved)
[    0.000000] SLUB: HWalign=64, Order=0-3, MinObjects=0, CPUs=2, Nodes=1
[    0.000000] Kernel/User page tables isolation: enabled
[    0.000000] ftrace: allocating 39318 entries in 154 pages
[    0.004000] Hierarchical RCU implementation.
[    0.004000] 	RCU restricting CPUs from NR_CPUS=8192 to nr_cpu_ids=2.
[    0.004000] 	Tasks RCU enabled.
[    0.004000] RCU: Adjusting geometry for rcu_fanout_leaf=16, nr_cpu_ids=2
[    0.004000] NR_IRQS: 524544, nr_irqs: 440, preallocated irqs: 16
[    0.004000] Console: colour VGA+ 80x25
[    0.004000] console [tty1] enabled
[    0.004000] console [ttyS0] enabled
[    0.004000] ACPI: Core revision 20170831
[    0.004000] ACPI: 2 ACPI AML tables successfully acquired and loaded
[    0.004000] APIC: Switch to symmetric I/O mode setup
[    0.004000] x2apic enabled
[    0.004000] Switched APIC routing to physical x2apic.
[    0.004000] ..TIMER: vector=0x30 apic1=0 pin1=2 apic2=-1 pin2=-1
[    0.004003] tsc: Detected 1799.998 MHz processor
[    0.005006] Calibrating delay loop (skipped) preset value.. 3599.99 BogoMIPS (lpj=7199992)
[    0.008007] pid_max: default: 32768 minimum: 301
[    0.008966] Security Framework initialized
[    0.009759] Yama: becoming mindful.
[    0.012021] AppArmor: AppArmor initialized
[    0.024024] Dentry cache hash table entries: 131072 (order: 8, 1048576 bytes)
[    0.028070] Inode-cache hash table entries: 65536 (order: 7, 524288 bytes)
[    0.029416] Mount-cache hash table entries: 2048 (order: 2, 16384 bytes)
[    0.030769] Mountpoint-cache hash table entries: 2048 (order: 2, 16384 bytes)
[    0.032306] Last level iTLB entries: 4KB 64, 2MB 8, 4MB 8
[    0.033484] Last level dTLB entries: 4KB 64, 2MB 0, 4MB 0, 1GB 4
[    0.036003] Spectre V1 : Mitigation: usercopy/swapgs barriers and __user pointer sanitization
[    0.037776] Spectre V2 : Mitigation: Full generic retpoline
[    0.038894] Spectre V2 : Spectre v2 / SpectreRSB mitigation: Filling RSB on context switch
[    0.040001] Speculative Store Bypass: Vulnerable
[    0.041034] MDS: Vulnerable: Clear CPU buffers attempted, no microcode
[    0.042575] Freeing SMP alternatives memory: 36K
[    0.154258] smpboot: CPU0: Intel(R) Core(TM) i5-8250U CPU @ 1.60GHz (family: 0x6, model: 0x8e, stepping: 0xa)
[    0.156000] Performance Events: unsupported p6 CPU model 142 no PMU driver, software events only.
[    0.156028] Hierarchical SRCU implementation.
[    0.157468] NMI watchdog: Perf event create on CPU 0 failed with -2
[    0.159219] NMI watchdog: Perf NMI watchdog permanently disabled
[    0.160067] smp: Bringing up secondary CPUs ...
[    0.161094] x86: Booting SMP configuration:
[    0.162059] .... node  #0, CPUs:      #1
[    0.004000] kvm-clock: cpu 1, msr 0:3ff44041, secondary cpu clock
[    0.166818] smp: Brought up 1 node, 2 CPUs
[    0.166818] smpboot: Max logical packages: 1
[    0.168008] smpboot: Total of 2 processors activated (7199.99 BogoMIPS)
[    0.169496] devtmpfs: initialized
[    0.169496] x86/mm: Memory block size: 128MB
[    0.172169] evm: security.selinux
[    0.172916] evm: security.SMACK64
[    0.173672] evm: security.SMACK64EXEC
[    0.174461] evm: security.SMACK64TRANSMUTE
[    0.175374] evm: security.SMACK64MMAP
[    0.176004] evm: security.apparmor
[    0.176789] evm: security.ima
[    0.177473] evm: security.capability
[    0.178313] clocksource: jiffies: mask: 0xffffffff max_cycles: 0xffffffff, max_idle_ns: 7645041785100000 ns
[    0.180012] futex hash table entries: 512 (order: 3, 32768 bytes)
[    0.184022] pinctrl core: initialized pinctrl subsystem
[    0.188108] RTC time: 21:16:40, date: 01/02/20
[    0.192167] NET: Registered protocol family 16
[    0.193178] audit: initializing netlink subsys (disabled)
[    0.194291] audit: type=2000 audit(1577999806.233:1): state=initialized audit_enabled=0 res=1
[    0.196016] cpuidle: using governor ladder
[    0.196911] cpuidle: using governor menu
[    0.197790] ACPI: bus type PCI registered
[    0.198710] acpiphp: ACPI Hot Plug PCI Controller Driver version: 0.5
[    0.200096] PCI: Using configuration type 1 for base access
[    0.201249] HugeTLB registered 2.00 MiB page size, pre-allocated 0 pages
[    0.204075] ACPI: Added _OSI(Module Device)
[    0.204972] ACPI: Added _OSI(Processor Device)
[    0.205916] ACPI: Added _OSI(3.0 _SCP Extensions)
[    0.208002] ACPI: Added _OSI(Processor Aggregator Device)
[    0.209109] ACPI: Added _OSI(Linux-Dell-Video)
[    0.210043] ACPI: Added _OSI(Linux-Lenovo-NV-HDMI-Audio)
[    0.211124] ACPI: Added _OSI(Linux-HPI-Hybrid-Graphics)
[    0.212306] ACPI: Executed 1 blocks of module-level executable AML code
[    0.218357] ACPI: Interpreter enabled
[    0.219222] ACPI: (supports S0 S5)
[    0.220002] ACPI: Using IOAPIC for interrupt routing
[    0.221305] PCI: Using host bridge windows from ACPI; if necessary, use "pci=nocrs" and report a bug
[    0.223482] ACPI: Enabled 2 GPEs in block 00 to 07
[    0.231983] ACPI: PCI Root Bridge [PCI0] (domain 0000 [bus 00-ff])
[    0.232008] acpi PNP0A03:00: _OSC: OS supports [ASPM ClockPM Segments MSI]
[    0.233984] acpi PNP0A03:00: _OSC: not requesting OS control; OS requires [ExtendedConfig ASPM ClockPM MSI]
[    0.236011] acpi PNP0A03:00: fail to add MMCONFIG information, can't access extended PCI configuration space under this bridge.
[    0.240332] PCI host bridge to bus 0000:00
[    0.241218] pci_bus 0000:00: root bus resource [io  0x0000-0x0cf7 window]
[    0.242616] pci_bus 0000:00: root bus resource [io  0x0d00-0xffff window]
[    0.243969] pci_bus 0000:00: root bus resource [mem 0x000a0000-0x000bffff window]
[    0.244002] pci_bus 0000:00: root bus resource [mem 0x40000000-0xfdffffff window]
[    0.245586] pci_bus 0000:00: root bus resource [bus 00-ff]
[    0.250055] pci 0000:00:01.1: legacy IDE quirk: reg 0x10: [io  0x01f0-0x01f7]
[    0.251541] pci 0000:00:01.1: legacy IDE quirk: reg 0x14: [io  0x03f6]
[    0.252002] pci 0000:00:01.1: legacy IDE quirk: reg 0x18: [io  0x0170-0x0177]
[    0.253406] pci 0000:00:01.1: legacy IDE quirk: reg 0x1c: [io  0x0376]
[    0.273724] pci 0000:00:07.0: quirk: [io  0x4000-0x403f] claimed by PIIX4 ACPI
[    0.275253] pci 0000:00:07.0: quirk: [io  0x4100-0x410f] claimed by PIIX4 SMB
[    0.282250] ACPI: PCI Interrupt Link [LNKA] (IRQs 5 9 10 *11)
[    0.284067] ACPI: PCI Interrupt Link [LNKB] (IRQs 5 9 *10 11)
[    0.285446] ACPI: PCI Interrupt Link [LNKC] (IRQs 5 *9 10 11)
[    0.286889] ACPI: PCI Interrupt Link [LNKD] (IRQs 5 9 10 *11)
[    0.288294] SCSI subsystem initialized
[    0.289161] pci 0000:00:02.0: vgaarb: setting as boot VGA device
[    0.289302] pci 0000:00:02.0: vgaarb: VGA device added: decodes=io+mem,owns=io+mem,locks=none
[    0.292012] pci 0000:00:02.0: vgaarb: bridge control possible
[    0.293282] vgaarb: loaded
[    0.293965] ACPI: bus type USB registered
[    0.294838] usbcore: registered new interface driver usbfs
[    0.296031] usbcore: registered new interface driver hub
[    0.297417] usbcore: registered new device driver usb
[    0.298576] EDAC MC: Ver: 3.0.0
[    0.300234] PCI: Using ACPI for IRQ routing
[    0.301231] NetLabel: Initializing
[    0.302000] NetLabel:  domain hash size = 128
[    0.302915] NetLabel:  protocols = UNLABELED CIPSOv4 CALIPSO
[    0.304018] NetLabel:  unlabeled traffic allowed by default
[    0.305167] clocksource: Switched to clocksource kvm-clock
[    0.389725] VFS: Disk quotas dquot_6.6.0
[    0.390623] VFS: Dquot-cache hash table entries: 512 (order 0, 4096 bytes)
[    0.392068] AppArmor: AppArmor Filesystem Enabled
[    0.393079] pnp: PnP ACPI init
[    0.395042] pnp: PnP ACPI: found 3 devices
[    0.405799] clocksource: acpi_pm: mask: 0xffffff max_cycles: 0xffffff, max_idle_ns: 2085701024 ns
[    0.407690] NET: Registered protocol family 2
[    0.408888] TCP established hash table entries: 8192 (order: 4, 65536 bytes)
[    0.410388] TCP bind hash table entries: 8192 (order: 5, 131072 bytes)
[    0.412741] TCP: Hash tables configured (established 8192 bind 8192)
[    0.437337] UDP hash table entries: 512 (order: 2, 16384 bytes)
[    0.438588] UDP-Lite hash table entries: 512 (order: 2, 16384 bytes)
[    0.439939] NET: Registered protocol family 1
[    0.440964] pci 0000:00:00.0: Limiting direct PCI/PCI transfers
[    0.442245] pci 0000:00:01.0: Activating ISA DMA hang workarounds
[    0.443547] pci 0000:00:02.0: Video device with shadowed ROM at [mem 0x000c0000-0x000dffff]
[    0.445767] Unpacking initramfs...
[    1.375010] Freeing initrd memory: 19204K
[    1.376093] clocksource: tsc: mask: 0xffffffffffffffff max_cycles: 0x19f227af07c, max_idle_ns: 440795246167 ns
[    1.378063] platform rtc_cmos: registered platform RTC device (no PNP device found)
[    1.379644] Scanning for low memory corruption every 60 seconds
[    1.381661] Initialise system trusted keyrings
[    1.382657] Key type blacklist registered
[    1.383708] workingset: timestamp_bits=36 max_order=18 bucket_order=0
[    1.386827] zbud: loaded
[    1.388160] squashfs: version 4.0 (2009/01/31) Phillip Lougher
[    1.389587] fuse init (API version 7.26)
[    1.393692] Key type asymmetric registered
[    1.394505] Asymmetric key parser 'x509' registered
[    1.395445] Block layer SCSI generic (bsg) driver version 0.4 loaded (major 246)
[    1.397024] io scheduler noop registered
[    1.397941] io scheduler deadline registered
[    1.398849] io scheduler cfq registered (default)
[    1.400106] ACPI: AC Adapter [AC] (on-line)
[    1.401106] input: Power Button as /devices/LNXSYSTM:00/LNXPWRBN:00/input/input0
[    1.402740] ACPI: Power Button [PWRF]
[    1.403618] input: Sleep Button as /devices/LNXSYSTM:00/LNXSLPBN:00/input/input1
[    1.405136] ACPI: Sleep Button [SLPF]
[    1.407088] ACPI: Battery Slot [BAT0] (battery present)
[    1.408469] Serial: 8250/16550 driver, 32 ports, IRQ sharing enabled
[    1.430980] 00:02: ttyS0 at I/O 0x3f8 (irq = 4, base_baud = 115200) is a 16550A
[    1.436935] Linux agpgart interface v0.103
[    1.439260] loop: module loaded
[    1.440519] scsi host0: ata_piix
[    1.441360] scsi host1: ata_piix
[    1.442120] ata1: PATA max UDMA/33 cmd 0x1f0 ctl 0x3f6 bmdma 0xd000 irq 14
[    1.443510] ata2: PATA max UDMA/33 cmd 0x170 ctl 0x376 bmdma 0xd008 irq 15
[    1.445077] libphy: Fixed MDIO Bus: probed
[    1.445968] tun: Universal TUN/TAP device driver, 1.6
[    1.447250] PPP generic driver version 2.4.2
[    1.448616] ehci_hcd: USB 2.0 'Enhanced' Host Controller (EHCI) Driver
[    1.449902] ehci-pci: EHCI PCI platform driver
[    1.450837] ehci-platform: EHCI generic platform driver
[    1.451886] ohci_hcd: USB 1.1 'Open' Host Controller (OHCI) Driver
[    1.453473] ohci-pci: OHCI PCI platform driver
[    1.454721] ohci-platform: OHCI generic platform driver
[    1.456055] uhci_hcd: USB Universal Host Controller Interface driver
[    1.458044] i8042: PNP: PS/2 Controller [PNP0303:PS2K,PNP0f03:PS2M] at 0x60,0x64 irq 1,12
[    1.460162] serio: i8042 KBD port at 0x60,0x64 irq 1
[    1.461242] serio: i8042 AUX port at 0x60,0x64 irq 12
[    1.462792] mousedev: PS/2 mouse device common for all mice
[    1.464839] rtc_cmos rtc_cmos: rtc core: registered rtc_cmos as rtc0
[    1.466179] rtc_cmos rtc_cmos: alarms up to one day, 114 bytes nvram
[    1.467526] i2c /dev entries driver
[    1.468369] input: AT Translated Set 2 keyboard as /devices/platform/i8042/serio0/input/input2
[    1.470156] device-mapper: uevent: version 1.0.3
[    1.471418] device-mapper: ioctl: 4.37.0-ioctl (2017-09-20) initialised: dm-devel@redhat.com
[    1.473323] ledtrig-cpu: registered to indicate activity on CPUs
[    1.475566] NET: Registered protocol family 10
[    1.480450] Segment Routing with IPv6
[    1.481407] NET: Registered protocol family 17
[    1.482559] Key type dns_resolver registered
[    1.483765] mce: Using 0 MCE banks
[    1.484620] RAS: Correctable Errors collector initialized.
[    1.485803] sched_clock: Marking stable (1484600440, 0)->(1745219342, -260618902)
[    1.487759] registered taskstats version 1
[    1.488721] Loading compiled-in X.509 certificates
[    1.491964] Loaded X.509 cert 'Build time autogenerated kernel key: f4f7241365689b0cbe3898188e65e316fd8f978d'
[    1.494006] zswap: loaded using pool lzo/zbud
[    1.498741] Key type big_key registered
[    1.499567] Key type trusted registered
[    1.502183] Key type encrypted registered
[    1.503435] AppArmor: AppArmor sha1 policy hashing enabled
[    1.505164] ima: No TPM chip found, activating TPM-bypass! (rc=-19)
[    1.506712] ima: Allocated hash algorithm: sha1
[    1.507872] evm: HMAC attrs: 0x1
[    1.509048]   Magic number: 4:67:297
[    1.510035] rtc_cmos rtc_cmos: setting system clock to 2020-01-02 21:16:41 UTC (1577999801)
[    1.512098] BIOS EDD facility v0.16 2004-Jun-25, 0 devices found
[    1.513459] EDD information not available.
[    1.606896] Freeing unused kernel image memory: 2428K
[    1.620698] Write protecting the kernel read-only data: 20480k
[    1.622540] Freeing unused kernel image memory: 2008K
[    1.623892] Freeing unused kernel image memory: 1880K
[    1.633574] x86/mm: Checked W+X mappings: passed, no W+X pages found.
[    1.634920] x86/mm: Checking user space page tables
[    1.644028] x86/mm: Checked W+X mappings: passed, no W+X pages found.
Loading, please wait...
starting version 237
[    1.711429] Fusion MPT base driver 3.04.20
[    1.712464] Copyright (c) 1999-2008 LSI Corporation
[    1.733620] e1000: Intel(R) PRO/1000 Network Driver - version 7.3.21-k8-NAPI
[    1.735061] e1000: Copyright (c) 1999-2006 Intel Corporation.
[    1.744271] AVX2 version of gcm_enc/dec engaged.
[    1.745380] AES CTR mode by8 optimization enabled
[    1.755040] Fusion MPT SPI Host driver 3.04.20
[    1.942815] input: ImExPS/2 Generic Explorer Mouse as /devices/platform/i8042/serio1/input/input4
[    2.429575] e1000 0000:00:03.0 eth0: (PCI:33MHz:32-bit) 02:b7:1f:33:e9:24
[    2.431935] e1000 0000:00:03.0 eth0: Intel(R) PRO/1000 Network Connection
[    2.434777] mptbase: ioc0: Initiating bringup
[    2.434933] e1000 0000:00:03.0 enp0s3: renamed from eth0
[    2.540542] ioc0: LSI53C1030 A0: Capabilities={Initiator}
[    2.784305] scsi host2: ioc0: LSI53C1030 A0, FwRev=00000000h, Ports=1, MaxQ=256, IRQ=20
[    2.953132] scsi 2:0:0:0: Direct-Access     VBOX     HARDDISK         1.0  PQ: 0 ANSI: 5
[    3.297698] scsi target2:0:0: Beginning Domain Validation
[    3.301858] scsi target2:0:0: Domain Validation skipping write tests
[    3.303228] scsi target2:0:0: Ending Domain Validation
[    3.304549] scsi target2:0:0: asynchronous
[    3.306461] scsi 2:0:1:0: Direct-Access     VBOX     HARDDISK         1.0  PQ: 0 ANSI: 5
[    3.763773] scsi target2:0:1: Beginning Domain Validation
[    3.766734] random: fast init done
[    3.768401] scsi target2:0:1: Domain Validation skipping write tests
[    3.769681] scsi target2:0:1: Ending Domain Validation
[    3.770897] scsi target2:0:1: asynchronous
[    3.777122] random: systemd-udevd: uninitialized urandom read (16 bytes read)
[    3.778778] random: systemd-udevd: uninitialized urandom read (16 bytes read)
[    3.780185] random: systemd-udevd: uninitialized urandom read (16 bytes read)
[    3.781993] sd 2:0:0:0: Attached scsi generic sg0 type 0
[    3.783550] sd 2:0:0:0: [sda] 20971520 512-byte logical blocks: (10.7 GB/10.0 GiB)
[    3.785614] sd 2:0:1:0: Attached scsi generic sg1 type 0
[    3.785631] sd 2:0:0:0: [sda] Write Protect is off
[    3.788173] sd 2:0:1:0: [sdb] 20480 512-byte logical blocks: (10.5 MB/10.0 MiB)
[    3.789698] sd 2:0:0:0: [sda] Incomplete mode parameter data
[    3.790877] sd 2:0:0:0: [sda] Assuming drive cache: write through
[    3.792109] sd 2:0:1:0: [sdb] Write Protect is off
[    3.793471] sd 2:0:1:0: [sdb] Incomplete mode parameter data
[    3.794721] sd 2:0:1:0: [sdb] Assuming drive cache: write through
[    3.797898]  sda: sda1
[    3.800208] sd 2:0:0:0: [sda] Attached SCSI disk
[    3.814490] sd 2:0:1:0: [sdb] Attached SCSI disk
Begin: Loading essential drivers ... [    5.412352] raid6: sse2x1   gen() 11568 MB/s
[    5.460178] raid6: sse2x1   xor()  8441 MB/s
[    5.508076] raid6: sse2x2   gen() 14153 MB/s
[    5.556834] raid6: sse2x2   xor()  9585 MB/s
[    5.604630] raid6: sse2x4   gen() 16523 MB/s
[    5.652223] raid6: sse2x4   xor()  8579 MB/s
[    5.700190] raid6: avx2x1   gen() 22608 MB/s
[    5.748125] raid6: avx2x1   xor() 15912 MB/s
[    5.796011] raid6: avx2x2   gen() 26728 MB/s
[    5.844437] raid6: avx2x2   xor() 17323 MB/s
[    5.892549] raid6: avx2x4   gen() 31987 MB/s
[    5.941346] raid6: avx2x4   xor() 19738 MB/s
[    5.942278] raid6: using algorithm avx2x4 gen() 31987 MB/s
[    5.943451] raid6: .... xor() 19738 MB/s, rmw enabled
[    5.944601] raid6: using avx2x2 recovery algorithm
[    5.946756] xor: automatically using best checksumming function   avx       
[    5.949261] async_tx: api initialized (async)
done.
Begin: Running /scripts/init-premount ... done.
Begin: Mounting root file system ... Begin: Running /scripts/local-top ... done.
Begin: Running /scripts/local-premount ... [    5.990776] Btrfs loaded, crc32c=crc32c-intel
Scanning for Btrfs filesystems
done.
Warning: fsck not present, so skipping root file system
[    6.125390] EXT4-fs (sda1): mounted filesystem with ordered data mode. Opts: (null)
done.
Begin: Running /scripts/local-bottom ... done.
Begin: Running /scripts/init-bottom ... done.
[    6.753349] ip_tables: (C) 2000-2006 Netfilter Core Team
[    6.784991] systemd[1]: systemd 237 running in system mode. (+PAM +AUDIT +SELINUX +IMA +APPARMOR +SMACK +SYSVINIT +UTMP +LIBCRYPTSETUP +GCRYPT +GNUTLS +ACL +XZ +LZ4 +SECCOMP +BLKID +ELFUTILS +KMOD -IDN2 +IDN -PCRE2 default-hierarchy=hybrid)
[    6.789401] systemd[1]: Detected virtualization oracle.
[    6.790806] systemd[1]: Detected architecture x86-64.

Welcome to [1mUbuntu 18.04.3 LTS[0m!

[    6.821704] systemd[1]: Set hostname to <ubuntu>.
[    6.840335] systemd[1]: Initializing machine ID from random generator.
[    6.841748] systemd[1]: Installed transient /etc/machine-id file.
[    7.535628] systemd[1]: Reached target Swap.
[[0;32m  OK  [0m] Reached target Swap.
[    7.537304] systemd[1]: Reached target User and Group Name Lookups.
[[0;32m  OK  [0m] Reached target User and Group Name Lookups.
[    7.539730] systemd[1]: Started Forward Password Requests to Wall Directory Watch.
[[0;32m  OK  [0m] Started Forward Password Requests to Wall Directory Watch.
[    7.542976] systemd[1]: Set up automount Arbitrary Executable File Formats File System Automount Point.
[[0;32m  OK  [0m] Set up automount Arbitrary Executab…rmats File System Automount Point.
[[0;32m  OK  [0m] Created slice System Slice.
[[0;32m  OK  [0m] Listening on udev Kernel Socket.
[[0;32m  OK  [0m] Listening on /dev/initctl Compatibility Named Pipe.
[[0;32m  OK  [0m] Listening on Journal Socket.
         Starting Set the console keyboard layout...
         Starting Load Kernel Modules...
         Mounting POSIX Message Queue File System...
         Starting Uncomplicated firewall...
[[0;32m  OK  [0m] Listening on Network Service Netlink Socket.
[[0;32m  OK  [0m] Listening on Journal Audit Socket.
[[0;32m  OK  [0m] Listening on udev Control Socket.
[[0;32m  OK  [0m] Listening on LVM2 metadata daemon socket.
[    7.652202] Loading iSCSI transport class v2.0-870.
[[0;32m  OK  [0m] Listening on Journal Socket (/dev/log).
[[0;32m  OK  [0m] Created slice system-serial\x2dgetty.slice.
[[0;32m  OK  [0m] Reached target System Time Synchronized.
         Starting Remount Root and Kernel File Systems...
[[0;32m  OK  [0m] Listening on Syslog Socket.
         Starting Journal Service...
[[0;32m  OK  [0m] Listening on Device-mapper event daemon FIFOs.
         Starting Monitoring of LVM2 mirrors…ng dmeventd or progress polling...
[    7.692902] iscsi: registered transport (tcp)
         Starting udev Coldplug all Devices...
[[0;32m  OK  [0m] Created slice User and Session Slice.
[[0;32m  OK  [0m] Reached target Slices.
         Mounting Kernel Debug File System...
[[0;32m  OK  [0m] Listening on LVM2 poll daemon socket.
         Mounting Huge Pages File System...
         Starting Create list of required st…ce nodes for the current kernel...
[[0;32m  OK  [0m] Mounted POSIX Message Queue File System.
[[0;32m  OK  [0m] Started Uncomplicated firewall.
[[0;32m  OK  [0m] Mounted Kernel Debug File System.
[[0;32m  OK  [0m] Mounted Huge Pages File System.
[[0;32m  OK  [0m] Started LVM2 metadata daemon.
[    7.833977] random: crng init done
[    7.834821] random: 7 urandom warning(s) missed due to ratelimiting
[    7.869918] EXT4-fs (sda1): re-mounted. Opts: (null)
[[0;32m  OK  [0m] Started Remount Root and Kernel File Systems.
         Starting Load/Save Random Seed...
[    7.876582] iscsi: registered transport (iser)
[[0;32m  OK  [0m] Started Journal Service.
[[0;32m  OK  [0m] Started Load Kernel Modules.
[[0;32m  OK  [0m] Started Create list of required sta…vice nodes for the current kernel.
[[0;32m  OK  [0m] Started Monitoring of LVM2 mirrors,…sing dmeventd or progress polling.
[[0;32m  OK  [0m] Started udev Coldplug all Devices.
[[0;32m  OK  [0m] Started Load/Save Random Seed.
         Starting Create Static Device Nodes in /dev...
         Mounting Kernel Configuration File System...
         Starting Apply Kernel Variables...
         Mounting FUSE Control File System...
         Starting Flush Journal to Persistent Storage...
[[0;32m  OK  [0m] Mounted Kernel Configuration File System.
[[0;32m  OK  [0m] Mounted FUSE Control File System.
[[0;32m  OK  [0m] Started Create Static Device Nodes in /dev.
         Starting udev Kernel Device Manager...
[    8.025836] systemd-journald[395]: Received request to flush runtime journal from PID 1
[[0;32m  OK  [0m] Started Set the console keyboard layout.
[[0;32m  OK  [0m] Reached target Local File Systems (Pre).
[[0;32m  OK  [0m] Reached target Local File Systems.
         Starting Commit a transient machine-id on disk...
         Starting ebtables ruleset management...
         Starting Tell Plymouth To Write Out Runtime Data...
         Starting Set console font and keymap...
         Starting AppArmor initialization...
[[0;32m  OK  [0m] Started udev Kernel Device Manager.
[[0;32m  OK  [0m] Started Dispatch Password Requests to Console Directory Watch.
[[0;32m  OK  [0m] Reached target Local Encrypted Volumes.
[[0;32m  OK  [0m] Started Apply Kernel Variables.
[[0;32m  OK  [0m] Started Tell Plymouth To Write Out Runtime Data.
[[0;32m  OK  [0m] Started Set console font and keymap.
[[0;32m  OK  [0m] Started Flush Journal to Persistent Storage.
         Starting Create Volatile Files and Directories...
[[0;32m  OK  [0m] Started Commit a transient machine-id on disk.
[[0;32m  OK  [0m] Started Create Volatile Files and Directories.
         Starting Update UTMP about System Boot/Shutdown...
[[0;32m  OK  [0m] Started Update UTMP about System Boot/Shutdown.
[[0;32m  OK  [0m] Started ebtables ruleset management.
[[0;32m  OK  [0m] Found device /dev/ttyS0.
[[0;32m  OK  [0m] Listening on Load/Save RF Kill Switch Status /dev/rfkill Watch.
[[0;32m  OK  [0m] Started AppArmor initialization.
         Starting Initial cloud-init job (pre-networking)...
[   12.497869] cloud-init[544]: Cloud-init v. 19.3-41-gc4735dd3-0ubuntu1~18.04.1 running 'init-local' at Thu, 02 Jan 2020 21:16:51 +0000. Up 11.94 seconds.
[[0;32m  OK  [0m] Started Initial cloud-init job (pre-networking).
[[0;32m  OK  [0m] Reached target Network (Pre).
         Starting Network Service...
[[0;32m  OK  [0m] Started Network Service.
         Starting Wait for Network to be Configured...
         Starting Network Name Resolution...
[[0;32m  OK  [0m] Started Network Name Resolution.
[[0;32m  OK  [0m] Reached target Host and Network Name Lookups.
[[0;32m  OK  [0m] Reached target Network.
[[0;32m  OK  [0m] Started Wait for Network to be Configured.
         Starting Initial cloud-init job (metadata service crawler)...
[   15.149377] cloud-init[666]: Cloud-init v. 19.3-41-gc4735dd3-0ubuntu1~18.04.1 running 'init' at Thu, 02 Jan 2020 21:16:54 +0000. Up 14.94 seconds.
[   15.160402] cloud-init[666]: ci-info: ++++++++++++++++++++++++++++++++++++++Net device info++++++++++++++++++++++++++++++++++++++
[   15.172175] cloud-init[666]: ci-info: +--------+------+----------------------------+---------------+--------+-------------------+
[   15.173335] cloud-init[666]: ci-info: | Device |  Up  |          Address           |      Mask     | Scope  |     Hw-Address    |
[   15.174464] cloud-init[666]: ci-info: +--------+------+----------------------------+---------------+--------+-------------------+
[   15.175546] cloud-init[666]: ci-info: | enp0s3 | True |         10.0.2.15          | 255.255.255.0 | global | 02:b7:1f:33:e9:24 |
[   15.176800] cloud-init[666]: ci-info: | enp0s3 | True | fe80::b7:1fff:fe33:e924/64 |       .       |  link  | 02:b7:1f:33:e9:24 |
[   15.178173] cloud-init[666]: ci-info: |   lo   | True |         127.0.0.1          |   255.0.0.0   |  host  |         .         |
[   15.179666] cloud-init[666]: ci-info: |   lo   | True |          ::1/128           |       .       |  host  |         .         |
[   15.181142] cloud-init[666]: ci-info: +--------+------+----------------------------+---------------+--------+-------------------+
[   15.182586] cloud-init[666]: ci-info: ++++++++++++++++++++++++++++Route IPv4 info+++++++++++++++++++++++++++++
[   15.183558] cloud-init[666]: ci-info: +-------+-------------+----------+-----------------+-----------+-------+
[   15.184844] cloud-init[666]: ci-info: | Route | Destination | Gateway  |     Genmask     | Interface | Flags |
[   15.186090] cloud-init[666]: ci-info: +-------+-------------+----------+-----------------+-----------+-------+
[   15.187401] cloud-init[666]: ci-info: |   0   |   0.0.0.0   | 10.0.2.2 |     0.0.0.0     |   enp0s3  |   UG  |
[   15.188725] cloud-init[666]: ci-info: |   1   |   10.0.2.0  | 0.0.0.0  |  255.255.255.0  |   enp0s3  |   U   |
[   15.200281] cloud-init[666]: ci-info: |   2   |   10.0.2.2  | 0.0.0.0  | 255.255.255.255 |   enp0s3  |   UH  |
[   15.201293] cloud-init[666]: ci-info: +-------+-------------+----------+-----------------+-----------+-------+
[   15.202265] cloud-init[666]: ci-info: +++++++++++++++++++Route IPv6 info+++++++++++++++++++
[   15.202971] cloud-init[666]: ci-info: +-------+-------------+---------+-----------+-------+
[   15.203732] cloud-init[666]: ci-info: | Route | Destination | Gateway | Interface | Flags |
[   15.204628] cloud-init[666]: ci-info: +-------+-------------+---------+-----------+-------+
[   15.205500] cloud-init[666]: ci-info: |   1   |  fe80::/64  |    ::   |   enp0s3  |   U   |
[   15.223350] cloud-init[666]: ci-info: |   3   |    local    |    ::   |   enp0s3  |   U   |
[   15.243890] cloud-init[666]: ci-info: |   4   |   ff00::/8  |    ::   |   enp0s3  |   U   |
[   15.244848] cloud-init[666]: ci-info: +-------+-------------+---------+-----------+-------+
[   17.144607] cloud-init[666]: Generating public/private rsa key pair.
[   17.157508] cloud-init[666]: Your identification has been saved in /etc/ssh/ssh_host_rsa_key.
[   17.168747] cloud-init[666]: Your public key has been saved in /etc/ssh/ssh_host_rsa_key.pub.
[   17.180437] cloud-init[666]: The key fingerprint is:
[   17.192224] cloud-init[666]: SHA256:btXVyknmzCqlYkfh4MwFTYs4SL0bUITi23N8mT6LgW4 root@ubuntu-bionic
[[0;32m  OK  [0m] Started Initial cloud-init job (metadata service crawler).
[   17.204541] cloud-init[666]: The key's randomart image is:
[[   17.216192] [0;32m  OK  [0mcloud-init] [666]: Reached target System Initialization.+---[RSA 2048]----+

[   17.217319] cloud-init[666]: |    .=o .o.      |
[[0;32m  OK  [0m] Started ACPI Events Check.
[   17.217913] cloud-init[666]: |  ..o... o..   . |
[[0;32m  OK  [0m] Listening on D-Bus System Message Bus Socket.
[[   17.248400] [0;32m  OK  [0mcloud-init[666]: ] | . ...o.o +   + .|Started Daily Cleanup of Temporary Directories.

[[   17.260605] cloud-init[666]: |  .   o= + o O o |
[0;32m  OK  [0m[   17.260705] ] cloud-initStarted Daily apt download activities.[666]: 
|   o . oSo+ o B  |
[   17.260757] cloud-init[666]: |  . o.+.+o o .   |
[[   17.289621] cloud-init[666]: |    .o.o= + .    |
[   17.289814] cloud-init[666]: |   .E  =oo .     |
[   17.289963] cloud-init[666]: |   .. . .o       |
[0;32m  OK  [0m] Listening on ACPID Listen Socket.
[   17.290355] cloud-init[666]: +----[SHA256]-----+
[[   17.301710] cloud-init[666]: Generating public/private dsa key pair.
[0;32m  OK  [0m] Reached target Paths.
[   17.301967] cloud-init[666]: Your identification has been saved in /etc/ssh/ssh_host_dsa_key.
[[   17.324460] [0;32m  OK  [0mcloud-init] Listening on UUID daemon activation socket.[666]: 
Your public key has been saved in /etc/ssh/ssh_host_dsa_key.pub.
[[   17.325667] [0;32m  OK  [0mcloud-init] [666]: Started Daily apt upgrade and clean activities.The key fingerprint is:

[   17.326839] cloud-init[666]: SHA256:776scGECyX7P42Qujhs7tPRFC5v7OSmPfGWxk0pDmNc root@ubuntu-bionic
[   17.327946] cloud-init[666]: The key's randomart image is:
[   17.328698] cloud-init[666]: +---[DSA 1024]----+
         Starting LXD - unix socket.
         Starting Socket activation for snappy daemon.
[   17.348199] cloud-init[666]: |                 |
[[   17.372209] [0;32m  OK  [0mcloud-init] [666]: Listening on Open-iSCSI iscsid Socket.|   . .           |

[[0;32m  OK  [0m] Started Discard unused blocks once a week.
[   17.373073] cloud-init[666]: |    +  o .       |
[[0;32m  OK  [0m] Started Message of the Day.[   17.384565] 
cloud-init[666]: |   . .+ + E      |
[[   17.385610] [0;32m  OK  [0mcloud-init] [666]: Reached target Timers.|    . oBS. +     |

[[   17.386259] cloud-init[666]: |    o.o==o*      |
[   17.386322] cloud-init[666]: |   o.o.+B*..     |
[   17.386783] cloud-init[666]: |    o==O==       |
[   17.386982] cloud-init[666]: |    +++*B+=.     |
[   17.387456] cloud-init[666]: +----[SHA256]-----+
[   17.388222] cloud-init[666]: Generating public/private ecdsa key pair.
[   17.388669] cloud-init[666]: Your identification has been saved in /etc/ssh/ssh_host_ecdsa_key.
[   17.389130] cloud-init[666]: Your public key has been saved in /etc/ssh/ssh_host_ecdsa_key.pub.
[   17.389578] cloud-init[666]: The key fingerprint is:
[   17.390040] cloud-init[666]: SHA256:6LwbiDHZsVugIFaHljdIVnKb/VeDYJc03vfaYutBFuc root@ubuntu-bionic
[   17.390483] cloud-init[666]: The key's randomart image is:
[   17.391038] cloud-init[666]: +---[ECDSA 256]---+
[   17.391485] cloud-init[666]: |  .==+   o.+.    |
[   17.391953] cloud-init[666]: |  o=+o+ . +.+    |
[   17.392405] cloud-init[666]: |o.. +o..   o +...|
[   17.392853] cloud-init[666]: |o. + + ..   . o+.|
[   17.393294] cloud-init[666]: |  = o o S. .  o E|
[   17.393810] cloud-init[666]: |   + *    .  o o |
[   17.394103] cloud-init[666]: |  . o +       = .|
[0;32m  OK  [0m] Reached target Cloud-config availability.
[[   17.394168] cloud-init[666]: |       o     . + |
[   17.398679] cloud-init[666]: |      o.     .o  |
[   17.399328] cloud-init[666]: +----[SHA256]-----+
[   17.399790] cloud-init[666]: Generating public/private ed25519 key pair.
[   17.400402] cloud-init[666]: Your identification has been saved in /etc/ssh/ssh_host_ed25519_key.
[0;32m  OK  [0m] Reached target Network is Online.
[   17.400695] cloud-init[666]: Your public key has been saved in /etc/ssh/ssh_host_ed25519_key.pub.
[   17.412766] cloud-init[666]: The key fingerprint is:
         Starting Availability of block devices...
[   17.415882] [cloud-init[0;32m  OK  [0m[666]: ] SHA256:+eGgxqGJ0Wfp9dz/RDgjhmaNZojRIYMxu0HsFgvIuLM root@ubuntu-bionicReached target Remote File Systems (Pre).

[[0;32m  OK  [0m] Reached target Remote File Systems.
[   17.417452] [[0;32m  OK  [0m] Listening on LXD - unix socket.
[[0;32m  OK  [0m] Listening on Socket activation for snappy daemon.
[[0;32m  OK  [0m] Started Availability of block devices.
[[0;32m  OK  [0m] Reached target Sockets.
[[0;32m  OK  [0m] Reached target Basic System.
cloud-init[666]: The key's randomart image is:
         Starting Dispatcher daemon for systemd-networkd...
[   17.422268] cloud-init[666]: +--[ED25519 256]--+
[   17.422838] cloud-init         Starting Pollinate to seed the pseudo random number generator...
         Starting Virtualbox guest utils...
[[0;32m  OK  [0m] Started D-Bus System Message Bus.
[666]: |o. .+oo .        |
[   17.427512] cloud-init[666]: |o...+o + .       |
[   17.428405] cloud-init[666]: | . ooo. .        |
[   17.429171] cloud-init[666]: |o  .+o + o +   . |
[   17.430589] cloud-init[666]: | o..o * S O + + .|
[   17.431357] cloud-init[666]: |E  o B + @ + . + |
[   17.432164] cloud-init[666]: |  . o =   = .   .|
[   17.432927] cloud-init[666]: |     .       . . |
[   17.433925] cloud-init[666]: |              ...|
[   17.434681] cloud-init[666]: +----[SHA256]-----+
         Starting LSB: automatic crash report generation...
[[0;32m  OK  [0m] Started Deferred execution scheduler.
         Starting System Logging Service...
         Starting Snappy daemon...
[[0;32m  OK  [0m] Started irqbalance daemon.
         Starting Permit User Sessions...
[[0;32m  OK  [0m] Started Regular background program processing daemon.
[[0;32m  OK  [0m] Started FUSE filesystem for LXC.
         Starting LSB: Record successful boot for GRUB...
         Starting Login Service...
         Starting Accounts Service...
         Starting LXD - container startup/shutdown...
[[0;32m  OK  [0m] Started System Logging Service.
[[0;32m  OK  [0m] Started Permit User Sessions.
         Starting Terminate Plymouth Boot Screen...
         Starting Hold until boot process finishes up...
[[0;32m  OK  [0m] Started Dispatcher daemon for systemd-networkd.
[[0;32m  OK  [0m] Started Terminate Plymouth Boot Screen.
[[0;32m  OK  [0m] Started Hold until boot process finishes up.
         Starting Set console scheme...
[[0;32m  OK  [0m] Started Serial Getty on ttyS0.
[[0;32m  OK  [0m] Started Set console scheme.
[[0;32m  OK  [0m] Created slice system-getty.slice.
[[0;32m  OK  [0m] Started Getty on tty1.
[[0;32m  OK  [0m] Reached target Login Prompts.
[[0;32m  OK  [0m] Started Login Service.
[[0;32m  OK  [0m] Started Unattended Upgrades Shutdown.
[[0;32m  OK  [0m] Started LSB: automatic crash report generation.
[[0;32m  OK  [0m] Started LSB: Record successful boot for GRUB.
[[0;32m  OK  [0m] Started Virtualbox guest utils.
         Starting Authorization Manager...
[[0;32m  OK  [0m] Started Authorization Manager.
[[0;32m  OK  [0m] Started Accounts Service.
[[0;32m  OK  [0m] Started LXD - container startup/shutdown.
[[0;32m  OK  [0m] Started Snappy daemon.
         Starting Wait until snapd is fully seeded...
[[0;32m  OK  [0m] Started Pollinate to seed the pseudo random number generator.
         Starting OpenBSD Secure Shell server...
[[0;32m  OK  [0m] Started OpenBSD Secure Shell server.
[[0;32m  OK  [0m] Created slice User Slice of vagrant.
         Starting User Manager for UID 1000...
[[0;32m  OK  [0m] Started Session 2 of user vagrant.
[[0;32m  OK  [0m] Started User Manager for UID 1000.

Ubuntu 18.04.3 LTS ubuntu-bionic ttyS0

ubuntu-bionic login: [   25.930859] cloud-init[1450]: Cloud-init v. 19.3-41-gc4735dd3-0ubuntu1~18.04.1 running 'modules:config' at Thu, 02 Jan 2020 21:17:04 +0000. Up 24.90 seconds.
ci-info: no authorized ssh keys fingerprints found for user ubuntu.
<14>Jan  2 21:17:06 ec2: 
<14>Jan  2 21:17:06 ec2: #############################################################
<14>Jan  2 21:17:06 ec2: -----BEGIN SSH HOST KEY FINGERPRINTS-----
<14>Jan  2 21:17:06 ec2: 1024 SHA256:776scGECyX7P42Qujhs7tPRFC5v7OSmPfGWxk0pDmNc root@ubuntu-bionic (DSA)
<14>Jan  2 21:17:06 ec2: 256 SHA256:6LwbiDHZsVugIFaHljdIVnKb/VeDYJc03vfaYutBFuc root@ubuntu-bionic (ECDSA)
<14>Jan  2 21:17:06 ec2: 256 SHA256:+eGgxqGJ0Wfp9dz/RDgjhmaNZojRIYMxu0HsFgvIuLM root@ubuntu-bionic (ED25519)
<14>Jan  2 21:17:06 ec2: 2048 SHA256:btXVyknmzCqlYkfh4MwFTYs4SL0bUITi23N8mT6LgW4 root@ubuntu-bionic (RSA)
<14>Jan  2 21:17:06 ec2: -----END SSH HOST KEY FINGERPRINTS-----
<14>Jan  2 21:17:06 ec2: #############################################################
-----BEGIN SSH HOST KEY KEYS-----
ecdsa-sha2-nistp256 AAAAE2VjZHNhLXNoYTItbmlzdHAyNTYAAAAIbmlzdHAyNTYAAABBBJWQEWAloRHsFv9OE0I65kmEwD1FGk+QUivU6etWd06Nv81JtiIcBX8Wpi34trCj8xtEFXIp/5MwV6N4gAhJCTE= root@ubuntu-bionic
ssh-ed25519 AAAAC3NzaC1lZDI1NTE5AAAAILInzpuDWzDRHwHAa+aPh7Uq+hlCSJjkzS0/ji5tC6Ar root@ubuntu-bionic
ssh-rsa AAAAB3NzaC1yc2EAAAADAQABAAABAQC4HxhrEUSNY0qv5LJ5qUSUu0cGCmSe6XCiMCWUT95fZ29TYVUHjVe4qLSEagNslfZz03Svdm8Km4QycP+sZ8qyCdNnH1zWlD24PTHixgc3/GMp+W0mCGePh+LcXRS6oGNZQVtB73nxFdU3FnofWCYF/FoiqGtNuFcyEHPHiKCzIfxrX8b2uF9zs/EVztlgnpTjYsfwsb9/xXy4sbVcZmlti02wROEizaSD8mHcH0aVDd+vRF6DHvmCtvjJx0wnk9rwaPP99AMdnX26Udr4WD0zV1LEMu2KaoRfpQLueA/+TviseSeA6Dl4DkXjQvwbSTrTlbEnNBNsNLuIrprWRqNh root@ubuntu-bionic
-----END SSH HOST KEY KEYS-----
[   26.732786] cloud-init[1645]: Cloud-init v. 19.3-41-gc4735dd3-0ubuntu1~18.04.1 running 'modules:final' at Thu, 02 Jan 2020 21:17:06 +0000. Up 26.52 seconds.
[   26.734319] cloud-init[1645]: ci-info: no authorized ssh keys fingerprints found for user ubuntu.
[   26.734538] cloud-init[1645]: Cloud-init v. 19.3-41-gc4735dd3-0ubuntu1~18.04.1 finished at Thu, 02 Jan 2020 21:17:06 +0000. Datasource DataSourceNoCloud [seed=/dev/sdb][dsmode=net].  Up 26.72 seconds
